# JRE version: Java(TM) SE Runtime Environment (8.0_31-b13) (build 1.8.0_31-b13)
# Java VM: Java HotSpot(TM) 64-Bit Server VM (25.31-b07 mixed mode windows-amd64 compressed oops)
Heap:
 PSYoungGen      total 155648K, used 96K [0x00000000ebd80000, 0x00000000fc600000, 0x0000000100000000)
  eden space 155136K, 0% used [0x00000000ebd80000,0x00000000ebd80000,0x00000000f5500000)
  from space 512K, 18% used [0x00000000f5500000,0x00000000f5518000,0x00000000f5580000)
  to   space 57344K, 0% used [0x00000000f8e00000,0x00000000f8e00000,0x00000000fc600000)
 ParOldGen       total 458240K, used 67123K [0x00000000c3800000, 0x00000000df780000, 0x00000000ebd80000)
  object space 458240K, 14% used [0x00000000c3800000,0x00000000c798cdd8,0x00000000df780000)
 Metaspace       used 260166K, capacity 261648K, committed 262132K, reserved 1263616K
  class space    used 47953K, capacity 48288K, committed 48424K, reserved 1048576K
GC Heap History (10 events):
Event: 2067.861 GC heap after
Heap after GC invocations=56 (full 9):
 PSYoungGen      total 214528K, used 0K [0x00000000ebd80000, 0x00000000fca80000, 0x0000000100000000)
  eden space 154112K, 0% used [0x00000000ebd80000,0x00000000ebd80000,0x00000000f5400000)
  from space 60416K, 0% used [0x00000000f5400000,0x00000000f5400000,0x00000000f8f00000)
  to   space 59904K, 0% used [0x00000000f9000000,0x00000000f9000000,0x00000000fca80000)
 ParOldGen       total 328192K, used 68138K [0x00000000c3800000, 0x00000000d7880000, 0x00000000ebd80000)
  object space 328192K, 20% used [0x00000000c3800000,0x00000000c7a8aa90,0x00000000d7880000)
 Metaspace       used 260273K, capacity 261822K, committed 262132K, reserved 1263616K
  class space    used 47969K, capacity 48317K, committed 48424K, reserved 1048576K
}
Event: 2067.861 GC heap before
{Heap before GC invocations=57 (full 10):
 PSYoungGen      total 214528K, used 0K [0x00000000ebd80000, 0x00000000fca80000, 0x0000000100000000)
  eden space 154112K, 0% used [0x00000000ebd80000,0x00000000ebd80000,0x00000000f5400000)
  from space 60416K, 0% used [0x00000000f5400000,0x00000000f5400000,0x00000000f8f00000)
  to   space 59904K, 0% used [0x00000000f9000000,0x00000000f9000000,0x00000000fca80000)
 ParOldGen       total 328192K, used 68138K [0x00000000c3800000, 0x00000000d7880000, 0x00000000ebd80000)
  object space 328192K, 20% used [0x00000000c3800000,0x00000000c7a8aa90,0x00000000d7880000)
 Metaspace       used 260273K, capacity 261822K, committed 262132K, reserved 1263616K
  class space    used 47969K, capacity 48317K, committed 48424K, reserved 1048576K
Event: 2068.109 GC heap after
Heap after GC invocations=57 (full 10):
 PSYoungGen      total 214528K, used 0K [0x00000000ebd80000, 0x00000000fca80000, 0x0000000100000000)
  eden space 154112K, 0% used [0x00000000ebd80000,0x00000000ebd80000,0x00000000f5400000)
  from space 60416K, 0% used [0x00000000f5400000,0x00000000f5400000,0x00000000f8f00000)
  to   space 59904K, 0% used [0x00000000f9000000,0x00000000f9000000,0x00000000fca80000)
 ParOldGen       total 390144K, used 67667K [0x00000000c3800000, 0x00000000db500000, 0x00000000ebd80000)
  object space 390144K, 17% used [0x00000000c3800000,0x00000000c7a14c60,0x00000000db500000)
 Metaspace       used 260273K, capacity 261822K, committed 262132K, reserved 1263616K
  class space    used 47969K, capacity 48317K, committed 48424K, reserved 1048576K
}
Event: 2068.109 GC heap before
{Heap before GC invocations=58 (full 10):
 PSYoungGen      total 214528K, used 0K [0x00000000ebd80000, 0x00000000fca80000, 0x0000000100000000)
  eden space 154112K, 0% used [0x00000000ebd80000,0x00000000ebd80000,0x00000000f5400000)
  from space 60416K, 0% used [0x00000000f5400000,0x00000000f5400000,0x00000000f8f00000)
  to   space 59904K, 0% used [0x00000000f9000000,0x00000000f9000000,0x00000000fca80000)
 ParOldGen       total 390144K, used 67667K [0x00000000c3800000, 0x00000000db500000, 0x00000000ebd80000)
  object space 390144K, 17% used [0x00000000c3800000,0x00000000c7a14c60,0x00000000db500000)
 Metaspace       used 260273K, capacity 261822K, committed 262132K, reserved 1263616K
  class space    used 47969K, capacity 48317K, committed 48424K, reserved 1048576K
Event: 2068.114 GC heap after
Heap after GC invocations=58 (full 10):
 PSYoungGen      total 212480K, used 0K [0x00000000ebd80000, 0x00000000fc800000, 0x0000000100000000)
  eden space 155136K, 0% used [0x00000000ebd80000,0x00000000ebd80000,0x00000000f5500000)
  from space 57344K, 0% used [0x00000000f9000000,0x00000000f9000000,0x00000000fc800000)
  to   space 58880K, 0% used [0x00000000f5500000,0x00000000f5500000,0x00000000f8e80000)
 ParOldGen       total 390144K, used 67667K [0x00000000c3800000, 0x00000000db500000, 0x00000000ebd80000)
  object space 390144K, 17% used [0x00000000c3800000,0x00000000c7a14c60,0x00000000db500000)
 Metaspace       used 260273K, capacity 261822K, committed 262132K, reserved 1263616K
  class space    used 47969K, capacity 48317K, committed 48424K, reserved 1048576K
}
Event: 2068.114 GC heap before
{Heap before GC invocations=59 (full 11):
 PSYoungGen      total 212480K, used 0K [0x00000000ebd80000, 0x00000000fc800000, 0x0000000100000000)
  eden space 155136K, 0% used [0x00000000ebd80000,0x00000000ebd80000,0x00000000f5500000)
  from space 57344K, 0% used [0x00000000f9000000,0x00000000f9000000,0x00000000fc800000)
  to   space 58880K, 0% used [0x00000000f5500000,0x00000000f5500000,0x00000000f8e80000)
 ParOldGen       total 390144K, used 67667K [0x00000000c3800000, 0x00000000db500000, 0x00000000ebd80000)
  object space 390144K, 17% used [0x00000000c3800000,0x00000000c7a14c60,0x00000000db500000)
 Metaspace       used 260273K, capacity 261822K, committed 262132K, reserved 1263616K
  class space    used 47969K, capacity 48317K, committed 48424K, reserved 1048576K
Event: 2068.584 GC heap after
Heap after GC invocations=59 (full 11):
 PSYoungGen      total 212480K, used 0K [0x00000000ebd80000, 0x00000000fc800000, 0x0000000100000000)
  eden space 155136K, 0% used [0x00000000ebd80000,0x00000000ebd80000,0x00000000f5500000)
  from space 57344K, 0% used [0x00000000f9000000,0x00000000f9000000,0x00000000fc800000)
  to   space 58880K, 0% used [0x00000000f5500000,0x00000000f5500000,0x00000000f8e80000)
 ParOldGen       total 458240K, used 67123K [0x00000000c3800000, 0x00000000df780000, 0x00000000ebd80000)
  object space 458240K, 14% used [0x00000000c3800000,0x00000000c798cdd8,0x00000000df780000)
 Metaspace       used 260166K, capacity 261648K, committed 262132K, reserved 1263616K
  class space    used 47953K, capacity 48288K, committed 48424K, reserved 1048576K
}
Event: 2068.584 GC heap before
{Heap before GC invocations=60 (full 11):
 PSYoungGen      total 212480K, used 532K [0x00000000ebd80000, 0x00000000fc800000, 0x0000000100000000)
  eden space 155136K, 0% used [0x00000000ebd80000,0x00000000ebe05010,0x00000000f5500000)
  from space 57344K, 0% used [0x00000000f9000000,0x00000000f9000000,0x00000000fc800000)
  to   space 58880K, 0% used [0x00000000f5500000,0x00000000f5500000,0x00000000f8e80000)
 ParOldGen       total 458240K, used 67123K [0x00000000c3800000, 0x00000000df780000, 0x00000000ebd80000)
  object space 458240K, 14% used [0x00000000c3800000,0x00000000c798cdd8,0x00000000df780000)
 Metaspace       used 260166K, capacity 261648K, committed 262132K, reserved 1263616K
  class space    used 47953K, capacity 48288K, committed 48424K, reserved 1048576K
Event: 2068.590 GC heap after
Heap after GC invocations=60 (full 11):
 PSYoungGen      total 155648K, used 96K [0x00000000ebd80000, 0x00000000fc600000, 0x0000000100000000)
  eden space 155136K, 0% used [0x00000000ebd80000,0x00000000ebd80000,0x00000000f5500000)
  from space 512K, 18% used [0x00000000f5500000,0x00000000f5518000,0x00000000f5580000)
  to   space 57344K, 0% used [0x00000000f8e00000,0x00000000f8e00000,0x00000000fc600000)
 ParOldGen       total 458240K, used 67123K [0x00000000c3800000, 0x00000000df780000, 0x00000000ebd80000)
  object space 458240K, 14% used [0x00000000c3800000,0x00000000c798cdd8,0x00000000df780000)
 Metaspace       used 260166K, capacity 261648K, committed 262132K, reserved 1263616K
  class space    used 47953K, capacity 48288K, committed 48424K, reserved 1048576K
}
Event: 2068.590 GC heap before
{Heap before GC invocations=61 (full 12):
 PSYoungGen      total 155648K, used 96K [0x00000000ebd80000, 0x00000000fc600000, 0x0000000100000000)
  eden space 155136K, 0% used [0x00000000ebd80000,0x00000000ebd80000,0x00000000f5500000)
  from space 512K, 18% used [0x00000000f5500000,0x00000000f5518000,0x00000000f5580000)
  to   space 57344K, 0% used [0x00000000f8e00000,0x00000000f8e00000,0x00000000fc600000)
 ParOldGen       total 458240K, used 67123K [0x00000000c3800000, 0x00000000df780000, 0x00000000ebd80000)
  object space 458240K, 14% used [0x00000000c3800000,0x00000000c798cdd8,0x00000000df780000)
 Metaspace       used 260166K, capacity 261648K, committed 262132K, reserved 1263616K
  class space    used 47953K, capacity 48288K, committed 48424K, reserved 1048576K

